2019-11-04 01:41:39.120  INFO 3016 --- [JavaFX Application Thread] o.s.boot.SpringApplication               : Starting application on DESKTOP-4N2RPQ2 with PID 3016 (started by Usuario in D:\Gonzalo\workspace\tpdisenio)
2019-11-04 01:41:39.126  INFO 3016 --- [JavaFX Application Thread] o.s.boot.SpringApplication               : No active profile set, falling back to default profiles: default
2019-11-04 01:41:39.548  INFO 3016 --- [JavaFX Application Thread] .s.d.r.c.RepositoryConfigurationDelegate : Bootstrapping Spring Data repositories in DEFAULT mode.
2019-11-04 01:41:39.600  INFO 3016 --- [JavaFX Application Thread] .s.d.r.c.RepositoryConfigurationDelegate : Finished Spring Data repository scanning in 46ms. Found 1 repository interfaces.
2019-11-04 01:41:39.982  INFO 3016 --- [JavaFX Application Thread] com.zaxxer.hikari.HikariDataSource       : HikariPool-1 - Starting...
2019-11-04 01:41:39.983  WARN 3016 --- [JavaFX Application Thread] com.zaxxer.hikari.util.DriverDataSource  : Registered driver with driverClassName=com.mysql.jdbc.Driver was not found, trying direct instantiation.
2019-11-04 01:41:40.218  INFO 3016 --- [JavaFX Application Thread] com.zaxxer.hikari.HikariDataSource       : HikariPool-1 - Start completed.
2019-11-04 01:41:40.252  INFO 3016 --- [JavaFX Application Thread] o.hibernate.jpa.internal.util.LogHelper  : HHH000204: Processing PersistenceUnitInfo [
	name: default
	...]
2019-11-04 01:41:40.302  INFO 3016 --- [JavaFX Application Thread] org.hibernate.Version                    : HHH000412: Hibernate Core {5.3.7.Final}
2019-11-04 01:41:40.303  INFO 3016 --- [JavaFX Application Thread] org.hibernate.cfg.Environment            : HHH000206: hibernate.properties not found
2019-11-04 01:41:40.421  INFO 3016 --- [JavaFX Application Thread] o.hibernate.annotations.common.Version   : HCANN000001: Hibernate Commons Annotations {5.0.4.Final}
2019-11-04 01:41:40.532  INFO 3016 --- [JavaFX Application Thread] org.hibernate.dialect.Dialect            : HHH000400: Using dialect: org.hibernate.dialect.MySQL5Dialect
2019-11-04 01:41:41.008  INFO 3016 --- [JavaFX Application Thread] j.LocalContainerEntityManagerFactoryBean : Initialized JPA EntityManagerFactory for persistence unit 'default'
2019-11-04 01:41:41.268  INFO 3016 --- [JavaFX Application Thread] o.s.boot.SpringApplication               : Started application in 2.572 seconds (JVM running for 3.518)
2019-11-04 01:41:58.334  INFO 3016 --- [Thread-10] j.LocalContainerEntityManagerFactoryBean : Closing JPA EntityManagerFactory for persistence unit 'default'
2019-11-04 01:41:58.338  INFO 3016 --- [Thread-10] com.zaxxer.hikari.HikariDataSource       : HikariPool-1 - Shutdown initiated...
2019-11-04 01:41:58.347  INFO 3016 --- [Thread-10] com.zaxxer.hikari.HikariDataSource       : HikariPool-1 - Shutdown completed.
2019-11-04 01:49:23.834  INFO 248 --- [JavaFX Application Thread] o.s.boot.SpringApplication               : Starting application on DESKTOP-4N2RPQ2 with PID 248 (started by Usuario in D:\Gonzalo\workspace\tpdisenio)
2019-11-04 01:49:23.836  INFO 248 --- [JavaFX Application Thread] o.s.boot.SpringApplication               : No active profile set, falling back to default profiles: default
2019-11-04 01:49:24.229  INFO 248 --- [JavaFX Application Thread] .s.d.r.c.RepositoryConfigurationDelegate : Bootstrapping Spring Data repositories in DEFAULT mode.
2019-11-04 01:49:24.299  INFO 248 --- [JavaFX Application Thread] .s.d.r.c.RepositoryConfigurationDelegate : Finished Spring Data repository scanning in 63ms. Found 1 repository interfaces.
2019-11-04 01:49:24.735  INFO 248 --- [JavaFX Application Thread] com.zaxxer.hikari.HikariDataSource       : HikariPool-1 - Starting...
2019-11-04 01:49:24.736  WARN 248 --- [JavaFX Application Thread] com.zaxxer.hikari.util.DriverDataSource  : Registered driver with driverClassName=com.mysql.jdbc.Driver was not found, trying direct instantiation.
2019-11-04 01:49:24.947  INFO 248 --- [JavaFX Application Thread] com.zaxxer.hikari.HikariDataSource       : HikariPool-1 - Start completed.
2019-11-04 01:49:24.983  INFO 248 --- [JavaFX Application Thread] o.hibernate.jpa.internal.util.LogHelper  : HHH000204: Processing PersistenceUnitInfo [
	name: default
	...]
2019-11-04 01:49:25.026  INFO 248 --- [JavaFX Application Thread] org.hibernate.Version                    : HHH000412: Hibernate Core {5.3.7.Final}
2019-11-04 01:49:25.027  INFO 248 --- [JavaFX Application Thread] org.hibernate.cfg.Environment            : HHH000206: hibernate.properties not found
2019-11-04 01:49:25.137  INFO 248 --- [JavaFX Application Thread] o.hibernate.annotations.common.Version   : HCANN000001: Hibernate Commons Annotations {5.0.4.Final}
2019-11-04 01:49:25.233  INFO 248 --- [JavaFX Application Thread] org.hibernate.dialect.Dialect            : HHH000400: Using dialect: org.hibernate.dialect.MySQL5Dialect
2019-11-04 01:49:25.688  INFO 248 --- [JavaFX Application Thread] j.LocalContainerEntityManagerFactoryBean : Initialized JPA EntityManagerFactory for persistence unit 'default'
2019-11-04 01:49:26.003  INFO 248 --- [JavaFX Application Thread] o.s.boot.SpringApplication               : Started application in 2.562 seconds (JVM running for 3.269)
2019-11-04 01:49:26.134  INFO 248 --- [Thread-11] j.LocalContainerEntityManagerFactoryBean : Closing JPA EntityManagerFactory for persistence unit 'default'
2019-11-04 01:49:26.136  INFO 248 --- [Thread-11] com.zaxxer.hikari.HikariDataSource       : HikariPool-1 - Shutdown initiated...
2019-11-04 01:49:26.142  INFO 248 --- [Thread-11] com.zaxxer.hikari.HikariDataSource       : HikariPool-1 - Shutdown completed.
2019-11-04 01:51:38.125  INFO 10408 --- [JavaFX Application Thread] o.s.boot.SpringApplication               : Starting application on DESKTOP-4N2RPQ2 with PID 10408 (started by Usuario in D:\Gonzalo\workspace\tpdisenio)
2019-11-04 01:51:38.128  INFO 10408 --- [JavaFX Application Thread] o.s.boot.SpringApplication               : No active profile set, falling back to default profiles: default
2019-11-04 01:51:38.533  INFO 10408 --- [JavaFX Application Thread] .s.d.r.c.RepositoryConfigurationDelegate : Bootstrapping Spring Data repositories in DEFAULT mode.
2019-11-04 01:51:38.588  INFO 10408 --- [JavaFX Application Thread] .s.d.r.c.RepositoryConfigurationDelegate : Finished Spring Data repository scanning in 50ms. Found 1 repository interfaces.
2019-11-04 01:51:39.029  INFO 10408 --- [JavaFX Application Thread] com.zaxxer.hikari.HikariDataSource       : HikariPool-1 - Starting...
2019-11-04 01:51:39.030  WARN 10408 --- [JavaFX Application Thread] com.zaxxer.hikari.util.DriverDataSource  : Registered driver with driverClassName=com.mysql.jdbc.Driver was not found, trying direct instantiation.
2019-11-04 01:51:39.239  INFO 10408 --- [JavaFX Application Thread] com.zaxxer.hikari.HikariDataSource       : HikariPool-1 - Start completed.
2019-11-04 01:51:39.272  INFO 10408 --- [JavaFX Application Thread] o.hibernate.jpa.internal.util.LogHelper  : HHH000204: Processing PersistenceUnitInfo [
	name: default
	...]
2019-11-04 01:51:39.319  INFO 10408 --- [JavaFX Application Thread] org.hibernate.Version                    : HHH000412: Hibernate Core {5.3.7.Final}
2019-11-04 01:51:39.319  INFO 10408 --- [JavaFX Application Thread] org.hibernate.cfg.Environment            : HHH000206: hibernate.properties not found
2019-11-04 01:51:39.423  INFO 10408 --- [JavaFX Application Thread] o.hibernate.annotations.common.Version   : HCANN000001: Hibernate Commons Annotations {5.0.4.Final}
2019-11-04 01:51:39.516  INFO 10408 --- [JavaFX Application Thread] org.hibernate.dialect.Dialect            : HHH000400: Using dialect: org.hibernate.dialect.MySQL5Dialect
2019-11-04 01:51:39.964  INFO 10408 --- [JavaFX Application Thread] j.LocalContainerEntityManagerFactoryBean : Initialized JPA EntityManagerFactory for persistence unit 'default'
2019-11-04 01:51:40.234  INFO 10408 --- [JavaFX Application Thread] o.s.boot.SpringApplication               : Started application in 2.535 seconds (JVM running for 3.26)
2019-11-04 01:51:40.417  INFO 10408 --- [Thread-10] j.LocalContainerEntityManagerFactoryBean : Closing JPA EntityManagerFactory for persistence unit 'default'
2019-11-04 01:51:40.421  INFO 10408 --- [Thread-10] com.zaxxer.hikari.HikariDataSource       : HikariPool-1 - Shutdown initiated...
2019-11-04 01:51:40.428  INFO 10408 --- [Thread-10] com.zaxxer.hikari.HikariDataSource       : HikariPool-1 - Shutdown completed.
2019-11-04 01:52:30.182  INFO 12232 --- [JavaFX Application Thread] o.s.boot.SpringApplication               : Starting application on DESKTOP-4N2RPQ2 with PID 12232 (started by Usuario in D:\Gonzalo\workspace\tpdisenio)
2019-11-04 01:52:30.184  INFO 12232 --- [JavaFX Application Thread] o.s.boot.SpringApplication               : No active profile set, falling back to default profiles: default
2019-11-04 01:52:30.566  INFO 12232 --- [JavaFX Application Thread] .s.d.r.c.RepositoryConfigurationDelegate : Bootstrapping Spring Data repositories in DEFAULT mode.
2019-11-04 01:52:30.624  INFO 12232 --- [JavaFX Application Thread] .s.d.r.c.RepositoryConfigurationDelegate : Finished Spring Data repository scanning in 52ms. Found 1 repository interfaces.
2019-11-04 01:52:31.008  INFO 12232 --- [JavaFX Application Thread] com.zaxxer.hikari.HikariDataSource       : HikariPool-1 - Starting...
2019-11-04 01:52:31.009  WARN 12232 --- [JavaFX Application Thread] com.zaxxer.hikari.util.DriverDataSource  : Registered driver with driverClassName=com.mysql.jdbc.Driver was not found, trying direct instantiation.
2019-11-04 01:52:31.223  INFO 12232 --- [JavaFX Application Thread] com.zaxxer.hikari.HikariDataSource       : HikariPool-1 - Start completed.
2019-11-04 01:52:31.254  INFO 12232 --- [JavaFX Application Thread] o.hibernate.jpa.internal.util.LogHelper  : HHH000204: Processing PersistenceUnitInfo [
	name: default
	...]
2019-11-04 01:52:31.297  INFO 12232 --- [JavaFX Application Thread] org.hibernate.Version                    : HHH000412: Hibernate Core {5.3.7.Final}
2019-11-04 01:52:31.298  INFO 12232 --- [JavaFX Application Thread] org.hibernate.cfg.Environment            : HHH000206: hibernate.properties not found
2019-11-04 01:52:31.393  INFO 12232 --- [JavaFX Application Thread] o.hibernate.annotations.common.Version   : HCANN000001: Hibernate Commons Annotations {5.0.4.Final}
2019-11-04 01:52:31.485  INFO 12232 --- [JavaFX Application Thread] org.hibernate.dialect.Dialect            : HHH000400: Using dialect: org.hibernate.dialect.MySQL5Dialect
2019-11-04 01:52:31.939  INFO 12232 --- [JavaFX Application Thread] j.LocalContainerEntityManagerFactoryBean : Initialized JPA EntityManagerFactory for persistence unit 'default'
2019-11-04 01:52:32.201  INFO 12232 --- [JavaFX Application Thread] o.s.boot.SpringApplication               : Started application in 2.457 seconds (JVM running for 3.149)
2019-11-04 01:52:32.394  INFO 12232 --- [Thread-10] j.LocalContainerEntityManagerFactoryBean : Closing JPA EntityManagerFactory for persistence unit 'default'
2019-11-04 01:52:32.397  INFO 12232 --- [Thread-10] com.zaxxer.hikari.HikariDataSource       : HikariPool-1 - Shutdown initiated...
2019-11-04 01:52:32.402  INFO 12232 --- [Thread-10] com.zaxxer.hikari.HikariDataSource       : HikariPool-1 - Shutdown completed.
2019-11-04 01:53:52.581  INFO 5384 --- [JavaFX Application Thread] o.s.boot.SpringApplication               : Starting application on DESKTOP-4N2RPQ2 with PID 5384 (started by Usuario in D:\Gonzalo\workspace\tpdisenio)
2019-11-04 01:53:52.583  INFO 5384 --- [JavaFX Application Thread] o.s.boot.SpringApplication               : No active profile set, falling back to default profiles: default
2019-11-04 01:53:52.920  INFO 5384 --- [JavaFX Application Thread] .s.d.r.c.RepositoryConfigurationDelegate : Bootstrapping Spring Data repositories in DEFAULT mode.
2019-11-04 01:53:52.970  INFO 5384 --- [JavaFX Application Thread] .s.d.r.c.RepositoryConfigurationDelegate : Finished Spring Data repository scanning in 46ms. Found 1 repository interfaces.
2019-11-04 01:53:53.320  INFO 5384 --- [JavaFX Application Thread] com.zaxxer.hikari.HikariDataSource       : HikariPool-1 - Starting...
2019-11-04 01:53:53.320  WARN 5384 --- [JavaFX Application Thread] com.zaxxer.hikari.util.DriverDataSource  : Registered driver with driverClassName=com.mysql.jdbc.Driver was not found, trying direct instantiation.
2019-11-04 01:53:53.532  INFO 5384 --- [JavaFX Application Thread] com.zaxxer.hikari.HikariDataSource       : HikariPool-1 - Start completed.
2019-11-04 01:53:53.564  INFO 5384 --- [JavaFX Application Thread] o.hibernate.jpa.internal.util.LogHelper  : HHH000204: Processing PersistenceUnitInfo [
	name: default
	...]
2019-11-04 01:53:53.607  INFO 5384 --- [JavaFX Application Thread] org.hibernate.Version                    : HHH000412: Hibernate Core {5.3.7.Final}
2019-11-04 01:53:53.608  INFO 5384 --- [JavaFX Application Thread] org.hibernate.cfg.Environment            : HHH000206: hibernate.properties not found
2019-11-04 01:53:53.711  INFO 5384 --- [JavaFX Application Thread] o.hibernate.annotations.common.Version   : HCANN000001: Hibernate Commons Annotations {5.0.4.Final}
2019-11-04 01:53:53.820  INFO 5384 --- [JavaFX Application Thread] org.hibernate.dialect.Dialect            : HHH000400: Using dialect: org.hibernate.dialect.MySQL5Dialect
2019-11-04 01:53:54.261  INFO 5384 --- [JavaFX Application Thread] j.LocalContainerEntityManagerFactoryBean : Initialized JPA EntityManagerFactory for persistence unit 'default'
2019-11-04 01:53:54.522  INFO 5384 --- [JavaFX Application Thread] o.s.boot.SpringApplication               : Started application in 2.312 seconds (JVM running for 3.036)
2019-11-04 01:53:54.840  INFO 5384 --- [Thread-10] j.LocalContainerEntityManagerFactoryBean : Closing JPA EntityManagerFactory for persistence unit 'default'
2019-11-04 01:53:54.843  INFO 5384 --- [Thread-10] com.zaxxer.hikari.HikariDataSource       : HikariPool-1 - Shutdown initiated...
2019-11-04 01:53:54.848  INFO 5384 --- [Thread-10] com.zaxxer.hikari.HikariDataSource       : HikariPool-1 - Shutdown completed.
2019-11-04 01:54:33.202  INFO 4008 --- [JavaFX Application Thread] o.s.boot.SpringApplication               : Starting application on DESKTOP-4N2RPQ2 with PID 4008 (started by Usuario in D:\Gonzalo\workspace\tpdisenio)
2019-11-04 01:54:33.205  INFO 4008 --- [JavaFX Application Thread] o.s.boot.SpringApplication               : No active profile set, falling back to default profiles: default
2019-11-04 01:54:33.567  INFO 4008 --- [JavaFX Application Thread] .s.d.r.c.RepositoryConfigurationDelegate : Bootstrapping Spring Data repositories in DEFAULT mode.
2019-11-04 01:54:33.615  INFO 4008 --- [JavaFX Application Thread] .s.d.r.c.RepositoryConfigurationDelegate : Finished Spring Data repository scanning in 42ms. Found 1 repository interfaces.
2019-11-04 01:54:33.952  INFO 4008 --- [JavaFX Application Thread] com.zaxxer.hikari.HikariDataSource       : HikariPool-1 - Starting...
2019-11-04 01:54:33.953  WARN 4008 --- [JavaFX Application Thread] com.zaxxer.hikari.util.DriverDataSource  : Registered driver with driverClassName=com.mysql.jdbc.Driver was not found, trying direct instantiation.
2019-11-04 01:54:34.171  INFO 4008 --- [JavaFX Application Thread] com.zaxxer.hikari.HikariDataSource       : HikariPool-1 - Start completed.
2019-11-04 01:54:34.200  INFO 4008 --- [JavaFX Application Thread] o.hibernate.jpa.internal.util.LogHelper  : HHH000204: Processing PersistenceUnitInfo [
	name: default
	...]
2019-11-04 01:54:34.245  INFO 4008 --- [JavaFX Application Thread] org.hibernate.Version                    : HHH000412: Hibernate Core {5.3.7.Final}
2019-11-04 01:54:34.246  INFO 4008 --- [JavaFX Application Thread] org.hibernate.cfg.Environment            : HHH000206: hibernate.properties not found
2019-11-04 01:54:34.345  INFO 4008 --- [JavaFX Application Thread] o.hibernate.annotations.common.Version   : HCANN000001: Hibernate Commons Annotations {5.0.4.Final}
2019-11-04 01:54:34.447  INFO 4008 --- [JavaFX Application Thread] org.hibernate.dialect.Dialect            : HHH000400: Using dialect: org.hibernate.dialect.MySQL5Dialect
2019-11-04 01:54:34.883  INFO 4008 --- [JavaFX Application Thread] j.LocalContainerEntityManagerFactoryBean : Initialized JPA EntityManagerFactory for persistence unit 'default'
2019-11-04 01:54:35.156  INFO 4008 --- [JavaFX Application Thread] o.s.boot.SpringApplication               : Started application in 2.326 seconds (JVM running for 3.066)
2019-11-04 01:54:37.263  INFO 4008 --- [Thread-10] j.LocalContainerEntityManagerFactoryBean : Closing JPA EntityManagerFactory for persistence unit 'default'
2019-11-04 01:54:37.266  INFO 4008 --- [Thread-10] com.zaxxer.hikari.HikariDataSource       : HikariPool-1 - Shutdown initiated...
2019-11-04 01:54:37.275  INFO 4008 --- [Thread-10] com.zaxxer.hikari.HikariDataSource       : HikariPool-1 - Shutdown completed.
2019-11-04 01:54:54.818  INFO 16248 --- [JavaFX Application Thread] o.s.boot.SpringApplication               : Starting application on DESKTOP-4N2RPQ2 with PID 16248 (started by Usuario in D:\Gonzalo\workspace\tpdisenio)
2019-11-04 01:54:54.821  INFO 16248 --- [JavaFX Application Thread] o.s.boot.SpringApplication               : No active profile set, falling back to default profiles: default
2019-11-04 01:54:55.187  INFO 16248 --- [JavaFX Application Thread] .s.d.r.c.RepositoryConfigurationDelegate : Bootstrapping Spring Data repositories in DEFAULT mode.
2019-11-04 01:54:55.242  INFO 16248 --- [JavaFX Application Thread] .s.d.r.c.RepositoryConfigurationDelegate : Finished Spring Data repository scanning in 47ms. Found 1 repository interfaces.
2019-11-04 01:54:55.627  INFO 16248 --- [JavaFX Application Thread] com.zaxxer.hikari.HikariDataSource       : HikariPool-1 - Starting...
2019-11-04 01:54:55.628  WARN 16248 --- [JavaFX Application Thread] com.zaxxer.hikari.util.DriverDataSource  : Registered driver with driverClassName=com.mysql.jdbc.Driver was not found, trying direct instantiation.
2019-11-04 01:54:55.860  INFO 16248 --- [JavaFX Application Thread] com.zaxxer.hikari.HikariDataSource       : HikariPool-1 - Start completed.
2019-11-04 01:54:55.894  INFO 16248 --- [JavaFX Application Thread] o.hibernate.jpa.internal.util.LogHelper  : HHH000204: Processing PersistenceUnitInfo [
	name: default
	...]
2019-11-04 01:54:55.939  INFO 16248 --- [JavaFX Application Thread] org.hibernate.Version                    : HHH000412: Hibernate Core {5.3.7.Final}
2019-11-04 01:54:55.941  INFO 16248 --- [JavaFX Application Thread] org.hibernate.cfg.Environment            : HHH000206: hibernate.properties not found
2019-11-04 01:54:56.041  INFO 16248 --- [JavaFX Application Thread] o.hibernate.annotations.common.Version   : HCANN000001: Hibernate Commons Annotations {5.0.4.Final}
2019-11-04 01:54:56.144  INFO 16248 --- [JavaFX Application Thread] org.hibernate.dialect.Dialect            : HHH000400: Using dialect: org.hibernate.dialect.MySQL5Dialect
2019-11-04 01:54:56.632  INFO 16248 --- [JavaFX Application Thread] j.LocalContainerEntityManagerFactoryBean : Initialized JPA EntityManagerFactory for persistence unit 'default'
2019-11-04 01:54:56.953  INFO 16248 --- [JavaFX Application Thread] o.s.boot.SpringApplication               : Started application in 2.524 seconds (JVM running for 3.225)
2019-11-04 01:55:13.791  INFO 16248 --- [Thread-11] j.LocalContainerEntityManagerFactoryBean : Closing JPA EntityManagerFactory for persistence unit 'default'
2019-11-04 01:55:13.796  INFO 16248 --- [Thread-11] com.zaxxer.hikari.HikariDataSource       : HikariPool-1 - Shutdown initiated...
2019-11-04 01:55:13.805  INFO 16248 --- [Thread-11] com.zaxxer.hikari.HikariDataSource       : HikariPool-1 - Shutdown completed.
2019-11-04 01:55:17.055  INFO 13124 --- [JavaFX Application Thread] o.s.boot.SpringApplication               : Starting application on DESKTOP-4N2RPQ2 with PID 13124 (started by Usuario in D:\Gonzalo\workspace\tpdisenio)
2019-11-04 01:55:17.060  INFO 13124 --- [JavaFX Application Thread] o.s.boot.SpringApplication               : No active profile set, falling back to default profiles: default
2019-11-04 01:55:17.496  INFO 13124 --- [JavaFX Application Thread] .s.d.r.c.RepositoryConfigurationDelegate : Bootstrapping Spring Data repositories in DEFAULT mode.
2019-11-04 01:55:17.561  INFO 13124 --- [JavaFX Application Thread] .s.d.r.c.RepositoryConfigurationDelegate : Finished Spring Data repository scanning in 61ms. Found 1 repository interfaces.
2019-11-04 01:55:18.113  INFO 13124 --- [JavaFX Application Thread] com.zaxxer.hikari.HikariDataSource       : HikariPool-1 - Starting...
2019-11-04 01:55:18.114  WARN 13124 --- [JavaFX Application Thread] com.zaxxer.hikari.util.DriverDataSource  : Registered driver with driverClassName=com.mysql.jdbc.Driver was not found, trying direct instantiation.
2019-11-04 01:55:18.324  INFO 13124 --- [JavaFX Application Thread] com.zaxxer.hikari.HikariDataSource       : HikariPool-1 - Start completed.
2019-11-04 01:55:18.355  INFO 13124 --- [JavaFX Application Thread] o.hibernate.jpa.internal.util.LogHelper  : HHH000204: Processing PersistenceUnitInfo [
	name: default
	...]
2019-11-04 01:55:18.401  INFO 13124 --- [JavaFX Application Thread] org.hibernate.Version                    : HHH000412: Hibernate Core {5.3.7.Final}
2019-11-04 01:55:18.403  INFO 13124 --- [JavaFX Application Thread] org.hibernate.cfg.Environment            : HHH000206: hibernate.properties not found
2019-11-04 01:55:18.501  INFO 13124 --- [JavaFX Application Thread] o.hibernate.annotations.common.Version   : HCANN000001: Hibernate Commons Annotations {5.0.4.Final}
2019-11-04 01:55:18.599  INFO 13124 --- [JavaFX Application Thread] org.hibernate.dialect.Dialect            : HHH000400: Using dialect: org.hibernate.dialect.MySQL5Dialect
2019-11-04 01:55:19.016  INFO 13124 --- [JavaFX Application Thread] j.LocalContainerEntityManagerFactoryBean : Initialized JPA EntityManagerFactory for persistence unit 'default'
2019-11-04 01:55:19.285  INFO 13124 --- [JavaFX Application Thread] o.s.boot.SpringApplication               : Started application in 2.667 seconds (JVM running for 3.399)
2019-11-04 01:57:55.603  INFO 1384 --- [JavaFX Application Thread] o.s.boot.SpringApplication               : Starting application on DESKTOP-4N2RPQ2 with PID 1384 (started by Usuario in D:\Gonzalo\workspace\tpdisenio)
2019-11-04 01:57:55.605  INFO 1384 --- [JavaFX Application Thread] o.s.boot.SpringApplication               : No active profile set, falling back to default profiles: default
2019-11-04 01:57:55.933  INFO 1384 --- [JavaFX Application Thread] .s.d.r.c.RepositoryConfigurationDelegate : Bootstrapping Spring Data repositories in DEFAULT mode.
2019-11-04 01:57:55.985  INFO 1384 --- [JavaFX Application Thread] .s.d.r.c.RepositoryConfigurationDelegate : Finished Spring Data repository scanning in 46ms. Found 1 repository interfaces.
2019-11-04 01:57:56.315  INFO 1384 --- [JavaFX Application Thread] com.zaxxer.hikari.HikariDataSource       : HikariPool-1 - Starting...
2019-11-04 01:57:56.316  WARN 1384 --- [JavaFX Application Thread] com.zaxxer.hikari.util.DriverDataSource  : Registered driver with driverClassName=com.mysql.jdbc.Driver was not found, trying direct instantiation.
2019-11-04 01:57:56.520  INFO 1384 --- [JavaFX Application Thread] com.zaxxer.hikari.HikariDataSource       : HikariPool-1 - Start completed.
2019-11-04 01:57:56.555  INFO 1384 --- [JavaFX Application Thread] o.hibernate.jpa.internal.util.LogHelper  : HHH000204: Processing PersistenceUnitInfo [
	name: default
	...]
2019-11-04 01:57:56.597  INFO 1384 --- [JavaFX Application Thread] org.hibernate.Version                    : HHH000412: Hibernate Core {5.3.7.Final}
2019-11-04 01:57:56.598  INFO 1384 --- [JavaFX Application Thread] org.hibernate.cfg.Environment            : HHH000206: hibernate.properties not found
2019-11-04 01:57:56.694  INFO 1384 --- [JavaFX Application Thread] o.hibernate.annotations.common.Version   : HCANN000001: Hibernate Commons Annotations {5.0.4.Final}
2019-11-04 01:57:56.786  INFO 1384 --- [JavaFX Application Thread] org.hibernate.dialect.Dialect            : HHH000400: Using dialect: org.hibernate.dialect.MySQL5Dialect
2019-11-04 01:57:57.230  INFO 1384 --- [JavaFX Application Thread] j.LocalContainerEntityManagerFactoryBean : Initialized JPA EntityManagerFactory for persistence unit 'default'
2019-11-04 01:57:57.476  INFO 1384 --- [JavaFX Application Thread] o.s.boot.SpringApplication               : Started application in 2.266 seconds (JVM running for 2.952)
2019-11-04 02:04:15.397  INFO 4188 --- [JavaFX Application Thread] o.s.boot.SpringApplication               : Starting application on DESKTOP-4N2RPQ2 with PID 4188 (started by Usuario in D:\Gonzalo\workspace\tpdisenio)
2019-11-04 02:04:15.400  INFO 4188 --- [JavaFX Application Thread] o.s.boot.SpringApplication               : No active profile set, falling back to default profiles: default
2019-11-04 02:04:15.771  INFO 4188 --- [JavaFX Application Thread] .s.d.r.c.RepositoryConfigurationDelegate : Bootstrapping Spring Data repositories in DEFAULT mode.
2019-11-04 02:04:15.824  INFO 4188 --- [JavaFX Application Thread] .s.d.r.c.RepositoryConfigurationDelegate : Finished Spring Data repository scanning in 46ms. Found 1 repository interfaces.
2019-11-04 02:04:16.165  INFO 4188 --- [JavaFX Application Thread] com.zaxxer.hikari.HikariDataSource       : HikariPool-1 - Starting...
2019-11-04 02:04:16.165  WARN 4188 --- [JavaFX Application Thread] com.zaxxer.hikari.util.DriverDataSource  : Registered driver with driverClassName=com.mysql.jdbc.Driver was not found, trying direct instantiation.
2019-11-04 02:04:16.375  INFO 4188 --- [JavaFX Application Thread] com.zaxxer.hikari.HikariDataSource       : HikariPool-1 - Start completed.
2019-11-04 02:04:16.408  INFO 4188 --- [JavaFX Application Thread] o.hibernate.jpa.internal.util.LogHelper  : HHH000204: Processing PersistenceUnitInfo [
	name: default
	...]
2019-11-04 02:04:16.452  INFO 4188 --- [JavaFX Application Thread] org.hibernate.Version                    : HHH000412: Hibernate Core {5.3.7.Final}
2019-11-04 02:04:16.453  INFO 4188 --- [JavaFX Application Thread] org.hibernate.cfg.Environment            : HHH000206: hibernate.properties not found
2019-11-04 02:04:16.560  INFO 4188 --- [JavaFX Application Thread] o.hibernate.annotations.common.Version   : HCANN000001: Hibernate Commons Annotations {5.0.4.Final}
2019-11-04 02:04:16.653  INFO 4188 --- [JavaFX Application Thread] org.hibernate.dialect.Dialect            : HHH000400: Using dialect: org.hibernate.dialect.MySQL5Dialect
2019-11-04 02:04:17.066  INFO 4188 --- [JavaFX Application Thread] j.LocalContainerEntityManagerFactoryBean : Initialized JPA EntityManagerFactory for persistence unit 'default'
2019-11-04 02:04:17.324  INFO 4188 --- [JavaFX Application Thread] o.s.boot.SpringApplication               : Started application in 2.305 seconds (JVM running for 3.006)
2019-11-04 02:04:37.412  INFO 4188 --- [Thread-10] j.LocalContainerEntityManagerFactoryBean : Closing JPA EntityManagerFactory for persistence unit 'default'
2019-11-04 02:04:37.415  INFO 4188 --- [Thread-10] com.zaxxer.hikari.HikariDataSource       : HikariPool-1 - Shutdown initiated...
2019-11-04 02:04:37.421  INFO 4188 --- [Thread-10] com.zaxxer.hikari.HikariDataSource       : HikariPool-1 - Shutdown completed.
2019-11-04 02:11:10.335  INFO 11880 --- [JavaFX Application Thread] o.s.boot.SpringApplication               : Starting application on DESKTOP-4N2RPQ2 with PID 11880 (started by Usuario in D:\Gonzalo\workspace\tpdisenio)
2019-11-04 02:11:10.337  INFO 11880 --- [JavaFX Application Thread] o.s.boot.SpringApplication               : No active profile set, falling back to default profiles: default
2019-11-04 02:11:10.675  INFO 11880 --- [JavaFX Application Thread] .s.d.r.c.RepositoryConfigurationDelegate : Bootstrapping Spring Data repositories in DEFAULT mode.
2019-11-04 02:11:10.717  INFO 11880 --- [JavaFX Application Thread] .s.d.r.c.RepositoryConfigurationDelegate : Finished Spring Data repository scanning in 37ms. Found 1 repository interfaces.
2019-11-04 02:11:11.016  INFO 11880 --- [JavaFX Application Thread] com.zaxxer.hikari.HikariDataSource       : HikariPool-1 - Starting...
2019-11-04 02:11:11.017  WARN 11880 --- [JavaFX Application Thread] com.zaxxer.hikari.util.DriverDataSource  : Registered driver with driverClassName=com.mysql.jdbc.Driver was not found, trying direct instantiation.
2019-11-04 02:11:11.210  INFO 11880 --- [JavaFX Application Thread] com.zaxxer.hikari.HikariDataSource       : HikariPool-1 - Start completed.
2019-11-04 02:11:11.239  INFO 11880 --- [JavaFX Application Thread] o.hibernate.jpa.internal.util.LogHelper  : HHH000204: Processing PersistenceUnitInfo [
	name: default
	...]
2019-11-04 02:11:11.284  INFO 11880 --- [JavaFX Application Thread] org.hibernate.Version                    : HHH000412: Hibernate Core {5.3.7.Final}
2019-11-04 02:11:11.285  INFO 11880 --- [JavaFX Application Thread] org.hibernate.cfg.Environment            : HHH000206: hibernate.properties not found
2019-11-04 02:11:11.380  INFO 11880 --- [JavaFX Application Thread] o.hibernate.annotations.common.Version   : HCANN000001: Hibernate Commons Annotations {5.0.4.Final}
2019-11-04 02:11:11.467  INFO 11880 --- [JavaFX Application Thread] org.hibernate.dialect.Dialect            : HHH000400: Using dialect: org.hibernate.dialect.MySQL5Dialect
2019-11-04 02:11:11.865  INFO 11880 --- [JavaFX Application Thread] j.LocalContainerEntityManagerFactoryBean : Initialized JPA EntityManagerFactory for persistence unit 'default'
2019-11-04 02:11:12.098  INFO 11880 --- [JavaFX Application Thread] o.s.boot.SpringApplication               : Started application in 2.098 seconds (JVM running for 2.724)
2019-11-04 02:11:23.046  INFO 11880 --- [Thread-10] j.LocalContainerEntityManagerFactoryBean : Closing JPA EntityManagerFactory for persistence unit 'default'
2019-11-04 02:11:23.049  INFO 11880 --- [Thread-10] com.zaxxer.hikari.HikariDataSource       : HikariPool-1 - Shutdown initiated...
2019-11-04 02:11:23.055  INFO 11880 --- [Thread-10] com.zaxxer.hikari.HikariDataSource       : HikariPool-1 - Shutdown completed.
2019-11-04 02:12:07.208  INFO 16220 --- [JavaFX Application Thread] o.s.boot.SpringApplication               : Starting application on DESKTOP-4N2RPQ2 with PID 16220 (started by Usuario in D:\Gonzalo\workspace\tpdisenio)
2019-11-04 02:12:07.210  INFO 16220 --- [JavaFX Application Thread] o.s.boot.SpringApplication               : No active profile set, falling back to default profiles: default
2019-11-04 02:12:07.518  INFO 16220 --- [JavaFX Application Thread] .s.d.r.c.RepositoryConfigurationDelegate : Bootstrapping Spring Data repositories in DEFAULT mode.
2019-11-04 02:12:07.563  INFO 16220 --- [JavaFX Application Thread] .s.d.r.c.RepositoryConfigurationDelegate : Finished Spring Data repository scanning in 39ms. Found 1 repository interfaces.
2019-11-04 02:12:07.882  INFO 16220 --- [JavaFX Application Thread] com.zaxxer.hikari.HikariDataSource       : HikariPool-1 - Starting...
2019-11-04 02:12:07.883  WARN 16220 --- [JavaFX Application Thread] com.zaxxer.hikari.util.DriverDataSource  : Registered driver with driverClassName=com.mysql.jdbc.Driver was not found, trying direct instantiation.
2019-11-04 02:12:08.085  INFO 16220 --- [JavaFX Application Thread] com.zaxxer.hikari.HikariDataSource       : HikariPool-1 - Start completed.
2019-11-04 02:12:08.115  INFO 16220 --- [JavaFX Application Thread] o.hibernate.jpa.internal.util.LogHelper  : HHH000204: Processing PersistenceUnitInfo [
	name: default
	...]
2019-11-04 02:12:08.156  INFO 16220 --- [JavaFX Application Thread] org.hibernate.Version                    : HHH000412: Hibernate Core {5.3.7.Final}
2019-11-04 02:12:08.157  INFO 16220 --- [JavaFX Application Thread] org.hibernate.cfg.Environment            : HHH000206: hibernate.properties not found
2019-11-04 02:12:08.244  INFO 16220 --- [JavaFX Application Thread] o.hibernate.annotations.common.Version   : HCANN000001: Hibernate Commons Annotations {5.0.4.Final}
2019-11-04 02:12:08.330  INFO 16220 --- [JavaFX Application Thread] org.hibernate.dialect.Dialect            : HHH000400: Using dialect: org.hibernate.dialect.MySQL5Dialect
2019-11-04 02:12:08.716  INFO 16220 --- [JavaFX Application Thread] j.LocalContainerEntityManagerFactoryBean : Initialized JPA EntityManagerFactory for persistence unit 'default'
2019-11-04 02:12:08.951  INFO 16220 --- [JavaFX Application Thread] o.s.boot.SpringApplication               : Started application in 2.053 seconds (JVM running for 2.691)
2019-11-04 02:15:02.556  INFO 10860 --- [JavaFX Application Thread] o.s.boot.SpringApplication               : Starting application on DESKTOP-4N2RPQ2 with PID 10860 (started by Usuario in D:\Gonzalo\workspace\tpdisenio)
2019-11-04 02:15:02.558  INFO 10860 --- [JavaFX Application Thread] o.s.boot.SpringApplication               : No active profile set, falling back to default profiles: default
2019-11-04 02:15:02.840  INFO 10860 --- [JavaFX Application Thread] .s.d.r.c.RepositoryConfigurationDelegate : Bootstrapping Spring Data repositories in DEFAULT mode.
2019-11-04 02:15:02.884  INFO 10860 --- [JavaFX Application Thread] .s.d.r.c.RepositoryConfigurationDelegate : Finished Spring Data repository scanning in 38ms. Found 1 repository interfaces.
2019-11-04 02:15:03.191  INFO 10860 --- [JavaFX Application Thread] com.zaxxer.hikari.HikariDataSource       : HikariPool-1 - Starting...
2019-11-04 02:15:03.192  WARN 10860 --- [JavaFX Application Thread] com.zaxxer.hikari.util.DriverDataSource  : Registered driver with driverClassName=com.mysql.jdbc.Driver was not found, trying direct instantiation.
2019-11-04 02:15:03.382  INFO 10860 --- [JavaFX Application Thread] com.zaxxer.hikari.HikariDataSource       : HikariPool-1 - Start completed.
2019-11-04 02:15:03.411  INFO 10860 --- [JavaFX Application Thread] o.hibernate.jpa.internal.util.LogHelper  : HHH000204: Processing PersistenceUnitInfo [
	name: default
	...]
2019-11-04 02:15:03.449  INFO 10860 --- [JavaFX Application Thread] org.hibernate.Version                    : HHH000412: Hibernate Core {5.3.7.Final}
2019-11-04 02:15:03.450  INFO 10860 --- [JavaFX Application Thread] org.hibernate.cfg.Environment            : HHH000206: hibernate.properties not found
2019-11-04 02:15:03.537  INFO 10860 --- [JavaFX Application Thread] o.hibernate.annotations.common.Version   : HCANN000001: Hibernate Commons Annotations {5.0.4.Final}
2019-11-04 02:15:03.622  INFO 10860 --- [JavaFX Application Thread] org.hibernate.dialect.Dialect            : HHH000400: Using dialect: org.hibernate.dialect.MySQL5Dialect
2019-11-04 02:15:03.999  INFO 10860 --- [JavaFX Application Thread] j.LocalContainerEntityManagerFactoryBean : Initialized JPA EntityManagerFactory for persistence unit 'default'
2019-11-04 02:15:04.225  INFO 10860 --- [JavaFX Application Thread] o.s.boot.SpringApplication               : Started application in 2.04 seconds (JVM running for 2.646)
2019-11-04 02:15:21.104  INFO 10860 --- [Thread-10] j.LocalContainerEntityManagerFactoryBean : Closing JPA EntityManagerFactory for persistence unit 'default'
2019-11-04 02:15:21.107  INFO 10860 --- [Thread-10] com.zaxxer.hikari.HikariDataSource       : HikariPool-1 - Shutdown initiated...
2019-11-04 02:15:21.113  INFO 10860 --- [Thread-10] com.zaxxer.hikari.HikariDataSource       : HikariPool-1 - Shutdown completed.
2019-11-04 02:15:45.876  INFO 7836 --- [JavaFX Application Thread] o.s.boot.SpringApplication               : Starting application on DESKTOP-4N2RPQ2 with PID 7836 (started by Usuario in D:\Gonzalo\workspace\tpdisenio)
2019-11-04 02:15:45.877  INFO 7836 --- [JavaFX Application Thread] o.s.boot.SpringApplication               : No active profile set, falling back to default profiles: default
2019-11-04 02:15:46.166  INFO 7836 --- [JavaFX Application Thread] .s.d.r.c.RepositoryConfigurationDelegate : Bootstrapping Spring Data repositories in DEFAULT mode.
2019-11-04 02:15:46.207  INFO 7836 --- [JavaFX Application Thread] .s.d.r.c.RepositoryConfigurationDelegate : Finished Spring Data repository scanning in 37ms. Found 1 repository interfaces.
2019-11-04 02:15:46.517  INFO 7836 --- [JavaFX Application Thread] com.zaxxer.hikari.HikariDataSource       : HikariPool-1 - Starting...
2019-11-04 02:15:46.518  WARN 7836 --- [JavaFX Application Thread] com.zaxxer.hikari.util.DriverDataSource  : Registered driver with driverClassName=com.mysql.jdbc.Driver was not found, trying direct instantiation.
2019-11-04 02:15:46.710  INFO 7836 --- [JavaFX Application Thread] com.zaxxer.hikari.HikariDataSource       : HikariPool-1 - Start completed.
2019-11-04 02:15:46.740  INFO 7836 --- [JavaFX Application Thread] o.hibernate.jpa.internal.util.LogHelper  : HHH000204: Processing PersistenceUnitInfo [
	name: default
	...]
2019-11-04 02:15:46.781  INFO 7836 --- [JavaFX Application Thread] org.hibernate.Version                    : HHH000412: Hibernate Core {5.3.7.Final}
2019-11-04 02:15:46.782  INFO 7836 --- [JavaFX Application Thread] org.hibernate.cfg.Environment            : HHH000206: hibernate.properties not found
2019-11-04 02:15:46.877  INFO 7836 --- [JavaFX Application Thread] o.hibernate.annotations.common.Version   : HCANN000001: Hibernate Commons Annotations {5.0.4.Final}
2019-11-04 02:15:46.973  INFO 7836 --- [JavaFX Application Thread] org.hibernate.dialect.Dialect            : HHH000400: Using dialect: org.hibernate.dialect.MySQL5Dialect
2019-11-04 02:15:47.364  INFO 7836 --- [JavaFX Application Thread] j.LocalContainerEntityManagerFactoryBean : Initialized JPA EntityManagerFactory for persistence unit 'default'
2019-11-04 02:15:47.603  INFO 7836 --- [JavaFX Application Thread] o.s.boot.SpringApplication               : Started application in 2.044 seconds (JVM running for 2.63)
2019-11-04 02:15:57.386  INFO 7836 --- [Thread-9] j.LocalContainerEntityManagerFactoryBean : Closing JPA EntityManagerFactory for persistence unit 'default'
2019-11-04 02:15:57.388  INFO 7836 --- [Thread-9] com.zaxxer.hikari.HikariDataSource       : HikariPool-1 - Shutdown initiated...
2019-11-04 02:15:57.393  INFO 7836 --- [Thread-9] com.zaxxer.hikari.HikariDataSource       : HikariPool-1 - Shutdown completed.
2019-11-04 02:18:43.426  INFO 9700 --- [JavaFX Application Thread] o.s.boot.SpringApplication               : Starting application on DESKTOP-4N2RPQ2 with PID 9700 (started by Usuario in D:\Gonzalo\workspace\tpdisenio)
2019-11-04 02:18:43.428  INFO 9700 --- [JavaFX Application Thread] o.s.boot.SpringApplication               : No active profile set, falling back to default profiles: default
2019-11-04 02:18:43.715  INFO 9700 --- [JavaFX Application Thread] .s.d.r.c.RepositoryConfigurationDelegate : Bootstrapping Spring Data repositories in DEFAULT mode.
2019-11-04 02:18:43.758  INFO 9700 --- [JavaFX Application Thread] .s.d.r.c.RepositoryConfigurationDelegate : Finished Spring Data repository scanning in 38ms. Found 1 repository interfaces.
2019-11-04 02:18:44.056  INFO 9700 --- [JavaFX Application Thread] com.zaxxer.hikari.HikariDataSource       : HikariPool-1 - Starting...
2019-11-04 02:18:44.056  WARN 9700 --- [JavaFX Application Thread] com.zaxxer.hikari.util.DriverDataSource  : Registered driver with driverClassName=com.mysql.jdbc.Driver was not found, trying direct instantiation.
2019-11-04 02:18:44.243  INFO 9700 --- [JavaFX Application Thread] com.zaxxer.hikari.HikariDataSource       : HikariPool-1 - Start completed.
2019-11-04 02:18:44.275  INFO 9700 --- [JavaFX Application Thread] o.hibernate.jpa.internal.util.LogHelper  : HHH000204: Processing PersistenceUnitInfo [
	name: default
	...]
2019-11-04 02:18:44.314  INFO 9700 --- [JavaFX Application Thread] org.hibernate.Version                    : HHH000412: Hibernate Core {5.3.7.Final}
2019-11-04 02:18:44.315  INFO 9700 --- [JavaFX Application Thread] org.hibernate.cfg.Environment            : HHH000206: hibernate.properties not found
2019-11-04 02:18:44.402  INFO 9700 --- [JavaFX Application Thread] o.hibernate.annotations.common.Version   : HCANN000001: Hibernate Commons Annotations {5.0.4.Final}
2019-11-04 02:18:44.484  INFO 9700 --- [JavaFX Application Thread] org.hibernate.dialect.Dialect            : HHH000400: Using dialect: org.hibernate.dialect.MySQL5Dialect
2019-11-04 02:18:44.873  INFO 9700 --- [JavaFX Application Thread] j.LocalContainerEntityManagerFactoryBean : Initialized JPA EntityManagerFactory for persistence unit 'default'
2019-11-04 02:18:45.109  INFO 9700 --- [JavaFX Application Thread] o.s.boot.SpringApplication               : Started application in 1.994 seconds (JVM running for 2.664)
2019-11-04 02:18:57.312  INFO 9700 --- [Thread-10] j.LocalContainerEntityManagerFactoryBean : Closing JPA EntityManagerFactory for persistence unit 'default'
2019-11-04 02:18:57.314  INFO 9700 --- [Thread-10] com.zaxxer.hikari.HikariDataSource       : HikariPool-1 - Shutdown initiated...
2019-11-04 02:18:57.319  INFO 9700 --- [Thread-10] com.zaxxer.hikari.HikariDataSource       : HikariPool-1 - Shutdown completed.
2019-11-04 02:19:48.162  INFO 10856 --- [JavaFX Application Thread] o.s.boot.SpringApplication               : Starting application on DESKTOP-4N2RPQ2 with PID 10856 (started by Usuario in D:\Gonzalo\workspace\tpdisenio)
2019-11-04 02:19:48.164  INFO 10856 --- [JavaFX Application Thread] o.s.boot.SpringApplication               : No active profile set, falling back to default profiles: default
2019-11-04 02:19:48.488  INFO 10856 --- [JavaFX Application Thread] .s.d.r.c.RepositoryConfigurationDelegate : Bootstrapping Spring Data repositories in DEFAULT mode.
2019-11-04 02:19:48.538  INFO 10856 --- [JavaFX Application Thread] .s.d.r.c.RepositoryConfigurationDelegate : Finished Spring Data repository scanning in 47ms. Found 1 repository interfaces.
2019-11-04 02:19:48.898  INFO 10856 --- [JavaFX Application Thread] com.zaxxer.hikari.HikariDataSource       : HikariPool-1 - Starting...
2019-11-04 02:19:48.898  WARN 10856 --- [JavaFX Application Thread] com.zaxxer.hikari.util.DriverDataSource  : Registered driver with driverClassName=com.mysql.jdbc.Driver was not found, trying direct instantiation.
2019-11-04 02:19:49.093  INFO 10856 --- [JavaFX Application Thread] com.zaxxer.hikari.HikariDataSource       : HikariPool-1 - Start completed.
2019-11-04 02:19:49.124  INFO 10856 --- [JavaFX Application Thread] o.hibernate.jpa.internal.util.LogHelper  : HHH000204: Processing PersistenceUnitInfo [
	name: default
	...]
2019-11-04 02:19:49.163  INFO 10856 --- [JavaFX Application Thread] org.hibernate.Version                    : HHH000412: Hibernate Core {5.3.7.Final}
2019-11-04 02:19:49.164  INFO 10856 --- [JavaFX Application Thread] org.hibernate.cfg.Environment            : HHH000206: hibernate.properties not found
2019-11-04 02:19:49.251  INFO 10856 --- [JavaFX Application Thread] o.hibernate.annotations.common.Version   : HCANN000001: Hibernate Commons Annotations {5.0.4.Final}
2019-11-04 02:19:49.334  INFO 10856 --- [JavaFX Application Thread] org.hibernate.dialect.Dialect            : HHH000400: Using dialect: org.hibernate.dialect.MySQL5Dialect
2019-11-04 02:19:49.721  INFO 10856 --- [JavaFX Application Thread] j.LocalContainerEntityManagerFactoryBean : Initialized JPA EntityManagerFactory for persistence unit 'default'
2019-11-04 02:19:49.961  INFO 10856 --- [JavaFX Application Thread] o.s.boot.SpringApplication               : Started application in 2.095 seconds (JVM running for 2.693)
2019-11-04 02:20:42.005  INFO 10856 --- [Thread-10] j.LocalContainerEntityManagerFactoryBean : Closing JPA EntityManagerFactory for persistence unit 'default'
2019-11-04 02:20:42.008  INFO 10856 --- [Thread-10] com.zaxxer.hikari.HikariDataSource       : HikariPool-1 - Shutdown initiated...
2019-11-04 02:20:42.014  INFO 10856 --- [Thread-10] com.zaxxer.hikari.HikariDataSource       : HikariPool-1 - Shutdown completed.
